<?xml version="1.0" encoding="UTF-8"?>
<coverage generated="1727921771307" clover="3.2.0">
  <project timestamp="1727921771307" name="All files">
    <metrics statements="11" coveredstatements="7" conditionals="7" coveredconditionals="3" methods="2" coveredmethods="2" elements="20" coveredelements="12" complexity="0" loc="11" ncloc="11" packages="1" files="2" classes="2"/>
    <file name="calculadora.js" path="C:\Users\Alexandre\calculadora-palindromo-nodejs\src\calculadora.js">
      <metrics statements="8" coveredstatements="4" conditionals="7" coveredconditionals="3" methods="1" coveredmethods="1"/>
      <line num="2" count="2" type="cond" truecount="2" falsecount="3"/>
      <line num="4" count="1" type="stmt"/>
      <line num="6" count="0" type="stmt"/>
      <line num="8" count="0" type="stmt"/>
      <line num="10" count="1" type="cond" truecount="1" falsecount="1"/>
      <line num="11" count="0" type="stmt"/>
      <line num="13" count="0" type="stmt"/>
      <line num="17" count="1" type="stmt"/>
    </file>
    <file name="palindromo.js" path="C:\Users\Alexandre\calculadora-palindromo-nodejs\src\palindromo.js">
      <metrics statements="3" coveredstatements="3" conditionals="0" coveredconditionals="0" methods="1" coveredmethods="1"/>
      <line num="2" count="2" type="stmt"/>
      <line num="3" count="2" type="stmt"/>
      <line num="6" count="1" type="stmt"/>
    </file>
  </project>
</coverage>
