{"C:\\Users\\Alexandre\\calculadora-palindromo-nodejs\\src\\calculadora.js": {"path":"C:\\Users\\Alexandre\\calculadora-palindromo-nodejs\\src\\calculadora.js","statementMap":{"0":{"start":{"line":2,"column":4},"end":{"line":14,"column":5}},"1":{"start":{"line":4,"column":8},"end":{"line":4,"column":21}},"2":{"start":{"line":6,"column":8},"end":{"line":6,"column":21}},"3":{"start":{"line":8,"column":8},"end":{"line":8,"column":21}},"4":{"start":{"line":10,"column":8},"end":{"line":10,"column":57}},"5":{"start":{"line":10,"column":21},"end":{"line":10,"column":57}},"6":{"start":{"line":11,"column":8},"end":{"line":11,"column":21}},"7":{"start":{"line":13,"column":8},"end":{"line":13,"column":45}},"8":{"start":{"line":17,"column":2},"end":{"line":17,"column":31}}},"fnMap":{"0":{"name":"calculadora","decl":{"start":{"line":1,"column":9},"end":{"line":1,"column":20}},"loc":{"start":{"line":1,"column":37},"end":{"line":15,"column":3}},"line":1}},"branchMap":{"0":{"loc":{"start":{"line":2,"column":4},"end":{"line":14,"column":5}},"type":"switch","locations":[{"start":{"line":3,"column":6},"end":{"line":4,"column":21}},{"start":{"line":5,"column":6},"end":{"line":6,"column":21}},{"start":{"line":7,"column":6},"end":{"line":8,"column":21}},{"start":{"line":9,"column":6},"end":{"line":11,"column":21}},{"start":{"line":12,"column":6},"end":{"line":13,"column":45}}],"line":2},"1":{"loc":{"start":{"line":10,"column":8},"end":{"line":10,"column":57}},"type":"if","locations":[{"start":{"line":10,"column":8},"end":{"line":10,"column":57}},{"start":{},"end":{}}],"line":10}},"s":{"0":2,"1":1,"2":0,"3":0,"4":1,"5":1,"6":0,"7":0,"8":1},"f":{"0":2},"b":{"0":[1,0,0,1,0],"1":[1,0]},"_coverageSchema":"1a1c01bbd47fc00a2c39e90264f33305004495a9","hash":"1dfea675f00d74a204c33eec164b055918edc907"}
,"C:\\Users\\Alexandre\\calculadora-palindromo-nodejs\\src\\palindromo.js": {"path":"C:\\Users\\Alexandre\\calculadora-palindromo-nodejs\\src\\palindromo.js","statementMap":{"0":{"start":{"line":2,"column":18},"end":{"line":2,"column":57}},"1":{"start":{"line":3,"column":4},"end":{"line":3,"column":56}},"2":{"start":{"line":6,"column":2},"end":{"line":6,"column":31}}},"fnMap":{"0":{"name":"ePalindromo","decl":{"start":{"line":1,"column":9},"end":{"line":1,"column":20}},"loc":{"start":{"line":1,"column":26},"end":{"line":4,"column":3}},"line":1}},"branchMap":{},"s":{"0":2,"1":2,"2":1},"f":{"0":2},"b":{},"_coverageSchema":"1a1c01bbd47fc00a2c39e90264f33305004495a9","hash":"7fabe1e77ff8842901f36b2637e19808485d4ed9"}
}
